TN:
SF:add.js
FN:1,add
FNF:1
FNH:1
FNDA:1,add
DA:2,1
DA:6,1
LF:2
LH:2
BRF:0
BRH:0
end_of_record
TN:
SF:parse-stringify.js
FN:2,(anonymous_0)
FN:11,(anonymous_1)
FN:19,(anonymous_2)
FN:20,(anonymous_3)
FN:26,(anonymous_4)
FNF:5
FNH:5
FNDA:1,(anonymous_0)
FNDA:1,(anonymous_1)
FNDA:1,(anonymous_2)
FNDA:1,(anonymous_3)
FNDA:1,(anonymous_4)
DA:2,1
DA:4,1
DA:5,1
DA:8,1
DA:9,1
DA:11,1
DA:12,1
DA:13,1
DA:16,1
DA:19,1
DA:20,1
DA:22,1
DA:26,1
DA:27,1
DA:28,1
DA:29,1
DA:30,1
DA:33,1
DA:36,1
LF:19
LH:19
BRDA:4,0,0,1
BRDA:4,0,1,0
BRDA:20,1,0,1
BRDA:20,1,1,1
BRDA:20,1,2,0
BRF:5
BRH:3
end_of_record
TN:
SF:users.js
FN:4,(anonymous_0)
FN:5,(anonymous_1)
FN:6,(anonymous_2)
FN:7,(anonymous_3)
FN:23,(anonymous_4)
FN:24,(anonymous_5)
FN:25,(anonymous_6)
FN:26,(anonymous_7)
FNF:8
FNH:8
FNDA:2,(anonymous_0)
FNDA:2,(anonymous_1)
FNDA:2,(anonymous_2)
FNDA:4,(anonymous_3)
FNDA:3,(anonymous_4)
FNDA:3,(anonymous_5)
FNDA:3,(anonymous_6)
FNDA:5,(anonymous_7)
DA:1,1
DA:4,1
DA:5,2
DA:6,2
DA:7,4
DA:9,2
DA:10,1
DA:13,1
DA:23,1
DA:24,3
DA:25,3
DA:26,5
DA:28,3
DA:29,1
DA:32,2
DA:41,1
LF:16
LH:16
BRDA:9,0,0,1
BRDA:9,0,1,1
BRDA:28,1,0,1
BRDA:28,1,1,2
BRF:4
BRH:4
end_of_record
TN:
SF:db\users.js
FNF:0
FNH:0
DA:1,1
LF:1
LH:1
BRF:0
BRH:0
end_of_record
